mktextfm ptmr7t
mktextfm ptmr7t
mktextfm ptmb7t
mktextfm nullfont
mktextfm ptmb7t
mktextfm nullfont
mktextfm ptmr7t
mktextfm ptmrc7t
mktextfm ptmbc7t
mktextfm nullfont
mktextfm ptmbc7t
mktextfm nullfont
mktextfm ptmr7t
mktextfm ptmri7t
mktextfm ptmb7t
mktextfm nullfont
mktextfm ptmb7t
mktextfm nullfont
mktextfm ptmrc7t
mktextfm ptmro7t
mktextfm ptmbi7t
mktextfm nullfont
mktextfm ptmro7t
mktextfm ptmro7t
mktextfm ptmr7t
mktextfm ptmr7t
mktextfm ptmb7t
mktextfm nullfont
mktextfm ptmb7t
mktextfm nullfont
mktextfm ptmr7t
mktextfm ptmrc7t
mktextfm ptmbc7t
mktextfm nullfont
mktextfm ptmbc7t
mktextfm nullfont
mktextfm ptmr7t
mktextfm ptmri7t
mktextfm ptmb7t
mktextfm nullfont
mktextfm ptmb7t
mktextfm nullfont
mktextfm ptmrc7t
mktextfm ptmro7t
mktextfm ptmbi7t
mktextfm nullfont
mktextfm ptmro7t
mktextfm ptmro7t
mktextfm ptmr7t
mktextfm ptmr7t
mktextfm ptmb7t
mktextfm nullfont
mktextfm ptmb7t
mktextfm nullfont
mktextfm ptmr7t
mktextfm ptmrc7t
mktextfm ptmbc7t
mktextfm nullfont
mktextfm ptmbc7t
mktextfm nullfont
mktextfm ptmr7t
mktextfm ptmri7t
mktextfm ptmb7t
mktextfm nullfont
mktextfm ptmb7t
mktextfm nullfont
mktextfm ptmro7t
mktextfm ptmro7t
mktextfm ptmro7t
mktextfm ptmrc7t
mktextfm ptmbi7t
mktextfm nullfont
mktextfm ptmr7t
mktextfm ptmr7t
mktextfm ptmb7t
mktextfm nullfont
mktextfm ptmb7t
mktextfm nullfont
mktextfm ptmr7t
mktextfm ptmrc7t
mktextfm ptmbc7t
mktextfm nullfont
mktextfm ptmbc7t
mktextfm nullfont
mktextfm ptmr7t
mktextfm ptmri7t
mktextfm ptmb7t
mktextfm nullfont
mktextfm ptmb7t
mktextfm nullfont
mktextfm ptmro7t
mktextfm ptmro7t
mktextfm ptmro7t
mktextfm ptmrc7t
mktextfm ptmbi7t
mktextfm nullfont
