This is pdfTeXk, Version 3.141592-1.40.3 (Web2C 7.5.6) (format=pdflatex 2013.11.8)  7 MAY 2015 12:50
entering extended mode
\write18 enabled.
 %&-line parsing enabled.
**thesis.tex
(./thesis.tex
LaTeX2e <2005/12/01>
Babel <v3.8h> and hyphenation patterns for english, usenglishmax, dumylang, noh
yphenation, arabic, basque, bulgarian, coptic, welsh, czech, slovak, german, ng
erman, danish, esperanto, spanish, catalan, galician, estonian, farsi, finnish,
 french, greek, monogreek, ancientgreek, croatian, hungarian, interlingua, ibyc
us, indonesian, icelandic, italian, latin, mongolian, dutch, norsk, polish, por
tuguese, pinyin, romanian, russian, slovenian, uppersorbian, serbian, swedish, 
turkish, ukenglish, ukrainian, loaded.
(./sdsu-thesis.cls
Document Class: sdsu-thesis 2012/02/13 v2012-02-13-17:31:23-PST SDSU-Thesis Cla
ss for Mathematics Department
(/usr/share/texmf/tex/latex/tools/calc.sty
Package: calc 2005/08/06 v4.2 Infix arithmetic (KKT,FJ)
\calc@Acount=\count79
\calc@Bcount=\count80
\calc@Adimen=\dimen102
\calc@Bdimen=\dimen103
\calc@Askip=\skip41
\calc@Bskip=\skip42
LaTeX Info: Redefining \setlength on input line 75.
LaTeX Info: Redefining \addtolength on input line 76.
\calc@Ccount=\count81
\calc@Cskip=\skip43
)
(/usr/share/texmf/tex/latex/base/report.cls
Document Class: report 2005/09/16 v1.4f Standard LaTeX document class
(/usr/share/texmf/tex/latex/base/size12.clo
File: size12.clo 2005/09/16 v1.4f Standard LaTeX file (size option)
)
\c@part=\count82
\c@chapter=\count83
\c@section=\count84
\c@subsection=\count85
\c@subsubsection=\count86
\c@paragraph=\count87
\c@subparagraph=\count88
\c@figure=\count89
\c@table=\count90
\abovecaptionskip=\skip44
\belowcaptionskip=\skip45
\bibindent=\dimen104
)
\c@titlelines=\count91
\c@subsubsubsection=\count92
)
(/usr/share/texmf/tex/latex/graphics/epsfig.sty
Package: epsfig 1999/02/16 v1.7a (e)psfig emulation (SPQR)

(/usr/share/texmf/tex/latex/graphics/graphicx.sty
Package: graphicx 1999/02/16 v1.0f Enhanced LaTeX Graphics (DPC,SPQR)

(/usr/share/texmf/tex/latex/graphics/keyval.sty
Package: keyval 1999/03/16 v1.13 key=value parser (DPC)
\KV@toks@=\toks14
)
(/usr/share/texmf/tex/latex/graphics/graphics.sty
Package: graphics 2006/02/20 v1.0o Standard LaTeX Graphics (DPC,SPQR)

(/usr/share/texmf/tex/latex/graphics/trig.sty
Package: trig 1999/03/16 v1.09 sin cos tan (DPC)
)
(/usr/share/texmf/tex/latex/config/graphics.cfg
File: graphics.cfg 2007/01/18 v1.5 graphics configuration of teTeX/TeXLive
)
Package graphics Info: Driver file: pdftex.def on input line 90.

(/usr/share/texmf/tex/latex/pdftex-def/pdftex.def
File: pdftex.def 2007/01/08 v0.04d Graphics/color for pdfTeX
\Gread@gobject=\count93
))
\Gin@req@height=\dimen105
\Gin@req@width=\dimen106
)
\epsfxsize=\dimen107
\epsfysize=\dimen108
)
(/usr/share/texmf/tex/latex/tools/verbatim.sty
Package: verbatim 2003/08/22 v1.5q LaTeX2e package for verbatim enhancements
\every@verbatim=\toks15
\verbatim@line=\toks16
\verbatim@in@stream=\read1
)
(/usr/share/texmf/tex/latex/oberdiek/epstopdf.sty
Package: epstopdf 2006/08/26 v1.3 Conversion with epstopdf on the fly (HO)
)
(/usr/share/texmf/tex/latex/was/upgreek.sty
Package: upgreek 2003/02/12 v2.0 (WaS)
Package upgreek Info: Using Euler Roman for upright Greek on input line 31.
\symugrf@m=\mathgroup4
LaTeX Font Info:    Overwriting symbol font `ugrf@m' in version `bold'
(Font)                  U/eur/m/n --> U/eur/b/n on input line 38.
)
(/usr/share/texmf/tex/latex/mh/mathtools.sty
Package: mathtools 2004/10/10 v1.01a mathematical typesetting tools (MH)

(/usr/share/texmf/tex/latex/mh/mhsetup.sty
Package: mhsetup 2004/10/10 v1.0b programming setup (MH)
)
(/usr/share/texmf/tex/latex/amsmath/amsmath.sty
Package: amsmath 2000/07/18 v2.13 AMS math features
\@mathmargin=\skip46

For additional information on amsmath, use the `?' option.
(/usr/share/texmf/tex/latex/amsmath/amstext.sty
Package: amstext 2000/06/29 v2.01

(/usr/share/texmf/tex/latex/amsmath/amsgen.sty
File: amsgen.sty 1999/11/30 v2.0
\@emptytoks=\toks17
\ex@=\dimen109
))
(/usr/share/texmf/tex/latex/amsmath/amsbsy.sty
Package: amsbsy 1999/11/29 v1.2d
\pmbraise@=\dimen110
)
(/usr/share/texmf/tex/latex/amsmath/amsopn.sty
Package: amsopn 1999/12/14 v2.01 operator names
)
\inf@bad=\count94
LaTeX Info: Redefining \frac on input line 211.
\uproot@=\count95
\leftroot@=\count96
LaTeX Info: Redefining \overline on input line 307.
\classnum@=\count97
\DOTSCASE@=\count98
LaTeX Info: Redefining \ldots on input line 379.
LaTeX Info: Redefining \dots on input line 382.
LaTeX Info: Redefining \cdots on input line 467.
\Mathstrutbox@=\box26
\strutbox@=\box27
\big@size=\dimen111
LaTeX Font Info:    Redeclaring font encoding OML on input line 567.
LaTeX Font Info:    Redeclaring font encoding OMS on input line 568.
\macc@depth=\count99
\c@MaxMatrixCols=\count100
\dotsspace@=\muskip10
\c@parentequation=\count101
\dspbrk@lvl=\count102
\tag@help=\toks18
\row@=\count103
\column@=\count104
\maxfields@=\count105
\andhelp@=\toks19
\eqnshift@=\dimen112
\alignsep@=\dimen113
\tagshift@=\dimen114
\tagwidth@=\dimen115
\totwidth@=\dimen116
\lineht@=\dimen117
\@envbody=\toks20
\multlinegap=\skip47
\multlinetaggap=\skip48
\mathdisplay@stack=\toks21
LaTeX Info: Redefining \[ on input line 2666.
LaTeX Info: Redefining \] on input line 2667.
)
\g_MT_multlinerow_int=\count106
\l_MT_multwidth_dim=\dimen118
)
(/usr/share/texmf/tex/latex/natbib/bibentry.sty
Package: bibentry 2000/06/20 1.4 (PWD)
) (./thesis.bbl)
(/usr/share/texmf/tex/latex/ltxmisc/url.sty
\Urlmuskip=\muskip11
Package: url 2005/06/27  ver 3.2  Verb mode for urls, etc.
)
(/usr/share/texmf/tex/latex/amsfonts/amsfonts.sty
Package: amsfonts 2001/10/25 v2.2f
\symAMSa=\mathgroup5
\symAMSb=\mathgroup6
LaTeX Font Info:    Overwriting math alphabet `\mathfrak' in version `bold'
(Font)                  U/euf/m/n --> U/euf/b/n on input line 132.
)
(/usr/share/texmf/tex/latex/amsfonts/amssymb.sty
Package: amssymb 2002/01/22 v2.2d
)
(/usr/share/texmf/tex/latex/amscls/amsthm.sty
Package: amsthm 2004/08/06 v2.20
\thm@style=\toks22
\thm@bodyfont=\toks23
\thm@headfont=\toks24
\thm@notefont=\toks25
\thm@headpunct=\toks26
\thm@preskip=\skip49
\thm@postskip=\skip50
\thm@headsep=\skip51
\dth@everypar=\toks27
)
(/usr/share/texmf/tex/latex/caption/caption.sty
Package: caption 2007/01/07 v3.0k Customising captions (AR)

(/usr/share/texmf/tex/latex/caption/caption3.sty
Package: caption3 2007/01/07 v3.0k caption3 kernel (AR)
\captionmargin=\dimen119
\captionmarginx=\dimen120
\captionwidth=\dimen121
\captionindent=\dimen122
\captionparindent=\dimen123
\captionhangindent=\dimen124
))
(/usr/share/texmf/tex/latex/tools/longtable.sty
Package: longtable 2004/02/01 v4.11 Multi-page Table package (DPC)
\LTleft=\skip52
\LTright=\skip53
\LTpre=\skip54
\LTpost=\skip55
\LTchunksize=\count107
\LTcapwidth=\dimen125
\LT@head=\box28
\LT@firsthead=\box29
\LT@foot=\box30
\LT@lastfoot=\box31
\LT@cols=\count108
\LT@rows=\count109
\c@LT@tables=\count110
\c@LT@chunks=\count111
\LT@p@ftn=\toks28
)
(/usr/share/texmf/tex/latex/ltxmisc/ulem.sty
\UL@box=\box32
\UL@hyphenbox=\box33
\UL@skip=\skip56
\UL@hook=\toks29
\UL@pe=\count112
\UL@pixel=\dimen126
\ULC@box=\box34
Package: ulem 2000/05/26
\ULdepth=\dimen127
)
\c@corollary=\count113
\c@definition=\count114
\c@lemma=\count115
\c@proposition=\count116
\c@theorem=\count117
 (./thesis.aux)
\openout1 = `thesis.aux'.

LaTeX Font Info:    Checking defaults for OML/cmm/m/it on input line 221.
LaTeX Font Info:    ... okay on input line 221.
LaTeX Font Info:    Checking defaults for T1/cmr/m/n on input line 221.
LaTeX Font Info:    ... okay on input line 221.
LaTeX Font Info:    Checking defaults for OT1/cmr/m/n on input line 221.
LaTeX Font Info:    ... okay on input line 221.
LaTeX Font Info:    Checking defaults for OMS/cmsy/m/n on input line 221.
LaTeX Font Info:    ... okay on input line 221.
LaTeX Font Info:    Checking defaults for OMX/cmex/m/n on input line 221.
LaTeX Font Info:    ... okay on input line 221.
LaTeX Font Info:    Checking defaults for U/cmr/m/n on input line 221.
LaTeX Font Info:    ... okay on input line 221.
LaTeX Font Info:    Try loading font information for OT1+ptm on input line 221.


(/usr/share/texmf/tex/latex/psnfss/ot1ptm.fd
File: ot1ptm.fd 2001/06/04 font definitions for OT1/ptm.
)
Note: longtable package detected, redefining the caption printing
(/usr/share/texmf/tex/latex/ragged2e/ragged2e.sty
Package: ragged2e 2003/03/25 v2.04 ragged2e Package (MS)

(/usr/share/texmf/tex/latex/everysel/everysel.sty
Package: everysel 1999/06/08 v1.03 EverySelectfont Package (MS)
LaTeX Info: Redefining \selectfont on input line 125.
)
\CenteringLeftskip=\skip57
\RaggedLeftLeftskip=\skip58
\RaggedRightLeftskip=\skip59
\CenteringRightskip=\skip60
\RaggedLeftRightskip=\skip61
\RaggedRightRightskip=\skip62
\CenteringParfillskip=\skip63
\RaggedLeftParfillskip=\skip64
\RaggedRightParfillskip=\skip65
\JustifyingParfillskip=\skip66
\CenteringParindent=\skip67
\RaggedLeftParindent=\skip68
\RaggedRightParindent=\skip69
\JustifyingParindent=\skip70
)
Package caption Info: longtable package v3.15 (or newer) detected on input line
 221.
LaTeX Font Info:    Font shape `OT1/ptm/bx/n' in size <12> not available
(Font)              Font shape `OT1/ptm/b/n' tried instead on input line 225.
 [1


{/var/lib/texmf/fonts/map/pdftex/updmap/pdftex.map}]
LaTeX Font Info:    Font shape `OT1/ptm/bx/n' in size <14.4> not available
(Font)              Font shape `OT1/ptm/b/n' tried instead on input line 229.
 [2]
LaTeX Font Info:    Try loading font information for OMS+ptm on input line 234.

 (/usr/share/texmf/tex/latex/psnfss/omsptm.fd
File: omsptm.fd 
)
LaTeX Font Info:    Font shape `OMS/ptm/m/n' in size <12> not available
(Font)              Font shape `OMS/cmsy/m/n' tried instead on input line 234.

[3] [4

] [5] (./abstract.tex) [6

] (./thesis.toc
LaTeX Font Info:    Try loading font information for U+msa on input line 1.

(/usr/share/texmf/tex/latex/amsfonts/umsa.fd
File: umsa.fd 2002/01/19 v2.2g AMS font definitions
)
LaTeX Font Info:    Try loading font information for U+msb on input line 1.

(/usr/share/texmf/tex/latex/amsfonts/umsb.fd
File: umsb.fd 2002/01/19 v2.2g AMS font definitions
) [7

])
\tf@toc=\write3
\openout3 = `thesis.toc'.

 [8] (./thesis.lot)
\tf@lot=\write4
\openout4 = `thesis.lot'.

 [9

]
(./thesis.lof)
\tf@lof=\write5
\openout5 = `thesis.lof'.

 [10

] [11

] (./body.tex
CHAPTER 1.
LaTeX Font Info:    Font shape `OT1/ptm/bx/sc' in size <14.4> not available
(Font)              Font shape `OT1/ptm/b/sc' tried instead on input line 1.
 Section 1.1.
LaTeX Font Info:    Font shape `OT1/ptm/bx/sc' in size <12> not available
(Font)              Font shape `OT1/ptm/b/sc' tried instead on input line 4.
[1

]
 Section 1.2.
[2]
CHAPTER 2.
 Section 2.1.
LaTeX Font Info:    Font shape `OT1/ptm/bx/it' in size <12> not available
(Font)              Font shape `OT1/ptm/b/it' tried instead on input line 26.


pdfTeX warning: pdflatex (file ./images/chung_yoo_cantilever_beam.pdf): PDF inc
lusion: found PDF version <1.5>, but at most version <1.4> allowed
<images/chung_yoo_cantilever_beam.pdf, id=50, 1111.15125pt x 544.0325pt>
File: images/chung_yoo_cantilever_beam.pdf Graphic file (type pdf)

<use images/chung_yoo_cantilever_beam.pdf>
 Subsection 2.1.1.
system(epstopdf images/stretch_coords.eps)...executed.

<images/stretch_coords.pdf, id=51, 744.7825pt x 677.53125pt>
File: images/stretch_coords.pdf Graphic file (type pdf)

<use images/stretch_coords.pdf> [3

] [4 <./images/chung_yoo_cantilever_beam.pdf

pdfTeX warning: pdflatex (file ./images/chung_yoo_cantilever_beam.pdf): PDF inc
lusion: Page Group detected which pdfTeX can't handle. Ignoring it.
> <./images/stretch_coords.pdf>] [5] [6]
 Subsection 2.1.2.
[7]
 Subsection 2.1.3.
[8]
 Subsubsection 2.1.3.1.
[9] [10]
 Section 2.2.
 Subsection 2.2.1.
[11] [12] [13] [14] [15] [16]
 Subsection 2.2.2.
[17] [18] [19] [20] [21] [22] [23] [24]
 Section 2.3.
system(epstopdf images/2-node-rod.eps)...executed.

<images/2-node-rod.pdf, id=140, 499.8675pt x 203.76125pt>
File: images/2-node-rod.pdf Graphic file (type pdf)

<use images/2-node-rod.pdf> [25 <./images/2-node-rod.pdf>]
system(epstopdf images/stretch_2node.eps)...executed.


<images/stretch_2node.pdf, id=148, 643.40375pt x 402.50375pt>
File: images/stretch_2node.pdf Graphic file (type pdf)

<use images/stretch_2node.pdf> [26 <./images/stretch_2node.pdf>] [27]
<images/beam_dof.png, id=161, 642.4pt x 401.5pt>
File: images/beam_dof.png Graphic file (type png)
 <use images/beam_dof.png>
[28 <./images/beam_dof.png (PNG copy)>] [29] [30] [31] [32] [33] [34] [35]
[36] [37] [38] [39] [40] [41]
Overfull \hbox (31.80417pt too wide) detected at line 1615
[] \OT1/cmr/m/n/12 = [] []
 []

[42] [43] [44] [45]
CHAPTER 3.
 Section 3.1.
[46

] [47] [48] [49]
 Section 3.2.
 Subsection 3.2.1.


pdfTeX warning: pdflatex (file ./images/coupling_diagram.pdf): PDF inclusion: f
ound PDF version <1.5>, but at most version <1.4> allowed
<images/coupling_diagram.pdf, id=231, 383.4325pt x 254.9525pt>
File: images/coupling_diagram.pdf Graphic file (type pdf)

<use images/coupling_diagram.pdf> [50] [51 <./images/coupling_diagram.pdf

pdfTeX warning: pdflatex (file ./images/coupling_diagram.pdf): PDF inclusion: P
age Group detected which pdfTeX can't handle. Ignoring it.
>] [52]
 Subsection 3.2.2.
 Section 3.3.
[53] <images/gamma_vs_omega.pdf, id=253, 368.37625pt x 306.14375pt>
File: images/gamma_vs_omega.pdf Graphic file (type pdf)

<use images/gamma_vs_omega.pdf> [54 <./images/gamma_vs_omega.pdf>] [55]
<images/u_displ_4-5.pdf, id=278, 380.42125pt x 304.13625pt>
File: images/u_displ_4-5.pdf Graphic file (type pdf)

<use images/u_displ_4-5.pdf>
<images/v_displ_4-5.pdf, id=279, 393.47pt x 303.1325pt>
File: images/v_displ_4-5.pdf Graphic file (type pdf)

<use images/v_displ_4-5.pdf>
<images/w_forced_large_beta.pdf, id=280, 369.38pt x 304.13625pt>
File: images/w_forced_large_beta.pdf Graphic file (type pdf)

<use images/w_forced_large_beta.pdf>
<images/w_forced_small_beta.pdf, id=281, 380.42125pt x 309.155pt>
File: images/w_forced_small_beta.pdf Graphic file (type pdf)

<use images/w_forced_small_beta.pdf> [56] [57 <./images/u_displ_4-5.pdf> <./ima
ges/v_displ_4-5.pdf>] [58 <./images/w_forced_large_beta.pdf> <./images/w_forced
_small_beta.pdf>]
CHAPTER 4.
 Section 4.1.
[59

]
 Section 4.2.
[60]) (./thesis.bbl [61] [62

] [63]) (./append.tex
APPENDIX A.
[64

]
 Section A.1.
[65] [66]
 Section A.2.
[67]
 Section A.3.
 Section A.4.
[68] [69] [70]
APPENDIX B.
[71

]
 Section B.1.


pdfTeX warning: pdflatex (file ./images/normal_strain.pdf): PDF inclusion: foun
d PDF version <1.5>, but at most version <1.4> allowed
<images/normal_strain.pdf, id=385, 369.38pt x 259.97125pt>
File: images/normal_strain.pdf Graphic file (type pdf)

<use images/normal_strain.pdf> [72 <./images/normal_strain.pdf

pdfTeX warning: pdflatex (file ./images/normal_strain.pdf): PDF inclusion: Page
 Group detected which pdfTeX can't handle. Ignoring it.
>]
 Section B.2.
<images/ucboulderstrain4.png, id=393, 1130.2225pt x 633.36626pt>
File: images/ucboulderstrain4.png Graphic file (type png)

<use images/ucboulderstrain4.png> [73] [74 <./images/ucboulderstrain4.png (PNG 
copy)>]
 Section B.3.
[75] [76]
APPENDIX C.
[77

]) [78] (./thesis.aux) ) 
Here is how much of TeX's memory you used:
 3359 strings out of 256216
 46470 string characters out of 1917072
 121246 words of memory out of 1500000
 6532 multiletter control sequences out of 10000+200000
 32270 words of font info for 73 fonts, out of 1200000 for 2000
 645 hyphenation exceptions out of 8191
 35i,22n,38p,3008b,377s stack positions out of 5000i,500n,6000p,200000b,15000s
{/usr/share/texmf/fonts/enc/dvips/base/8r.enc}</usr/sha
re/texmf/fonts/type1/bluesky/cm/cmbx12.pfb></usr/share/texmf/fonts/type1/bluesk
y/cm/cmex10.pfb></usr/share/texmf/fonts/type1/bluesky/cm/cmmi12.pfb></usr/share
/texmf/fonts/type1/bluesky/cm/cmmi6.pfb></usr/share/texmf/fonts/type1/bluesky/c
m/cmmi8.pfb></usr/share/texmf/fonts/type1/bluesky/cm/cmr12.pfb></usr/share/texm
f/fonts/type1/bluesky/cm/cmr6.pfb></usr/share/texmf/fonts/type1/bluesky/cm/cmr8
.pfb></usr/share/texmf/fonts/type1/bluesky/cm/cmsy10.pfb></usr/share/texmf/font
s/type1/bluesky/cm/cmsy8.pfb></usr/share/texmf/fonts/type1/bluesky/cm/cmtt12.pf
b></usr/share/texmf/fonts/type1/bluesky/ams/eurm10.pfb></usr/share/texmf/fonts/
type1/bluesky/ams/msbm10.pfb></usr/share/texmf/fonts/type1/urw/times/utmb8a.pfb
></usr/share/texmf/fonts/type1/urw/times/utmbi8a.pfb></usr/share/texmf/fonts/ty
pe1/urw/times/utmr8a.pfb></usr/share/texmf/fonts/type1/urw/times/utmr8a.pfb></u
sr/share/texmf/fonts/type1/urw/times/utmri8a.pfb>
Output written on thesis.pdf (89 pages, 1465075 bytes).
PDF statistics:
 474 PDF objects out of 1000 (max. 8388607)
 0 named destinations out of 1000 (max. 131072)
 66 words of extra memory for PDF output out of 10000 (max. 10000000)

